<?xml version="1.0" encoding="UTF-8"?>
<!-- Generated by org.testng.reporters.JUnitReportReporter -->
<testsuite hostname="LAPTOP-V7M1F0GS" failures="0" tests="3" name="evs.vTiger.TestRunner.Run" time="0.358" errors="0" timestamp="2024-02-08T15:24:10 IST" skipped="0">
  <testcase classname="evs.vTiger.TestRunner.Run" name="runScenario" time="0.027"/>
  <system-out/>
  <testcase classname="evs.vTiger.TestRunner.Run" name="runScenario" time="0.304"/>
  <system-out/>
  <testcase classname="evs.vTiger.TestRunner.Run" name="runScenario" time="0.027"/>
  <system-out/>
</testsuite> <!-- evs.vTiger.TestRunner.Run -->
